2019-02-27 17:55:34,110 - BasePage - INFO - find element
2019-02-27 17:55:34,185 - BasePage - INFO - admin
2019-02-27 17:55:34,211 - BasePage - INFO - find element
2019-02-27 17:55:34,253 - BasePage - INFO - admin
2019-02-27 17:55:34,279 - BasePage - INFO - find element
2019-02-27 17:55:34,339 - BasePage - INFO - this element 登录 was clicked.
2019-02-27 17:55:36,393 - BasePage - INFO - find element
2019-02-27 17:55:36,687 - BasePage - ERROR - Failed to click the element with Message: stale element reference: element is not attached to the page document
  (Session info: chrome=69.0.3497.100)
  (Driver info: chromedriver=2.41.578737 (49da6702b16031c40d63e5618de03a32ff6c197e),platform=Windows NT 10.0.17134 x86_64)

2019-02-27 17:55:38,797 - BasePage - INFO - find element
2019-02-27 17:55:38,887 - BasePage - INFO - this element 管理中心 was clicked.
2019-02-27 17:55:51,025 - BasePage - ERROR - <discuz.discuz.Discuz object at 0x000001A46D47E470>页面未找到('name', 'admin_password')元素
2019-02-27 17:55:51,026 - BasePage - ERROR - Failed to type in input box with 'NoneType' object has no attribute 'send_keys'
2019-02-27 17:56:02,107 - BasePage - ERROR - <discuz.discuz.Discuz object at 0x000001A46D47E470>页面未找到('name', 'submit')元素
2019-02-27 17:56:02,107 - BasePage - ERROR - Failed to click the element with 'NoneType' object has no attribute 'click'
2019-02-27 17:56:02,147 - BasePage - INFO - find element
2019-02-27 17:56:02,354 - BasePage - INFO - this element 论坛 was clicked.
2019-02-27 17:56:10,045 - BasePage - ERROR - <discuz.discuz.Discuz object at 0x000001A46D47E470>页面未找到('link text', '添加新版块')元素
2019-02-27 17:56:10,045 - BasePage - ERROR - Failed to click the element with 'NoneType' object has no attribute 'click'
2019-02-27 17:56:10,047 - BasePage - ERROR - <discuz.discuz.Discuz object at 0x000001A46D47E470>页面未找到('name', 'submit')元素
2019-02-27 17:56:10,047 - BasePage - ERROR - Failed to click the element with 'NoneType' object has no attribute 'click'
2019-02-27 17:56:12,048 - BasePage - ERROR - <discuz.discuz.Discuz object at 0x000001A46D47E470>页面未找到('css selector', '.pipe')元素
2019-02-27 17:56:12,048 - BasePage - ERROR - Failed to click the element with 'NoneType' object has no attribute 'click'
