2019-02-27 20:17:57,679 - BasePage - INFO - find element
2019-02-27 20:17:57,755 - BasePage - INFO - admin
2019-02-27 20:17:57,783 - BasePage - INFO - find element
2019-02-27 20:17:57,831 - BasePage - INFO - admin
2019-02-27 20:17:57,857 - BasePage - INFO - find element
2019-02-27 20:17:57,917 - BasePage - INFO - this element 登录 was clicked.
2019-02-27 20:18:09,215 - BasePage - INFO - find element
2019-02-27 20:18:19,446 - BasePage - ERROR - Failed to click the element with Message: stale element reference: element is not attached to the page document
  (Session info: chrome=69.0.3497.100)
  (Driver info: chromedriver=2.41.578737 (49da6702b16031c40d63e5618de03a32ff6c197e),platform=Windows NT 10.0.17134 x86_64)

2019-02-27 20:18:19,472 - BasePage - INFO - find element
2019-02-27 20:18:29,662 - BasePage - ERROR - Failed to click the element with Message: stale element reference: element is not attached to the page document
  (Session info: chrome=69.0.3497.100)
  (Driver info: chromedriver=2.41.578737 (49da6702b16031c40d63e5618de03a32ff6c197e),platform=Windows NT 10.0.17134 x86_64)

2019-02-27 20:18:29,688 - BasePage - INFO - find element
2019-02-27 20:18:29,757 - BasePage - INFO - ww
2019-02-27 20:18:29,800 - BasePage - INFO - find element
2019-02-27 20:18:29,935 - BasePage - INFO - ewrstydfxdtsressdrxg
2019-02-27 20:18:29,963 - BasePage - INFO - find element
2019-02-27 20:18:30,049 - BasePage - INFO - this element  was clicked.
2019-02-27 20:18:42,141 - BasePage - ERROR - <discuz.discuz.Discuz object at 0x000002DA1C03C6D8>页面未找到('link text', '回复')元素
2019-02-27 20:18:42,141 - BasePage - ERROR - Failed to click the element with 'NoneType' object has no attribute 'click'
2019-02-27 20:18:53,190 - BasePage - ERROR - <discuz.discuz.Discuz object at 0x000002DA1C03C6D8>页面未找到('id', 'postmessage')元素
2019-02-27 20:18:53,191 - BasePage - ERROR - Failed to type in input box with 'NoneType' object has no attribute 'send_keys'
2019-02-27 20:19:04,273 - BasePage - ERROR - <discuz.discuz.Discuz object at 0x000002DA1C03C6D8>页面未找到('css selector', '.o.pns button span')元素
2019-02-27 20:19:04,273 - BasePage - ERROR - Failed to click the element with 'NoneType' object has no attribute 'click'
2019-02-27 20:19:04,296 - BasePage - INFO - find element
2019-02-27 20:19:04,391 - BasePage - INFO - this element | was clicked.
