2019-02-27 20:11:46,823 - BasePage - INFO - find element
2019-02-27 20:11:46,908 - BasePage - INFO - admin
2019-02-27 20:11:46,938 - BasePage - INFO - find element
2019-02-27 20:11:46,987 - BasePage - INFO - admin
2019-02-27 20:11:47,020 - BasePage - INFO - find element
2019-02-27 20:11:47,087 - BasePage - INFO - this element 登录 was clicked.
2019-02-27 20:11:57,412 - BasePage - INFO - find element
2019-02-27 20:12:07,636 - BasePage - ERROR - Failed to click the element with Message: stale element reference: element is not attached to the page document
  (Session info: chrome=69.0.3497.100)
  (Driver info: chromedriver=2.41.578737 (49da6702b16031c40d63e5618de03a32ff6c197e),platform=Windows NT 10.0.17134 x86_64)

2019-02-27 20:12:07,665 - BasePage - INFO - find element
2019-02-27 20:12:18,077 - BasePage - ERROR - Failed to click the element with Message: stale element reference: element is not attached to the page document
  (Session info: chrome=69.0.3497.100)
  (Driver info: chromedriver=2.41.578737 (49da6702b16031c40d63e5618de03a32ff6c197e),platform=Windows NT 10.0.17134 x86_64)

2019-02-27 20:12:18,105 - BasePage - INFO - find element
2019-02-27 20:12:18,156 - BasePage - INFO - ww
2019-02-27 20:12:18,199 - BasePage - INFO - find element
2019-02-27 20:12:18,336 - BasePage - INFO - ewrstydfxdtsressdrxg
2019-02-27 20:12:18,365 - BasePage - INFO - find element
2019-02-27 20:12:18,482 - BasePage - INFO - this element 发表帖子 was clicked.
2019-02-27 20:12:29,783 - BasePage - INFO - find element
2019-02-27 20:12:29,884 - BasePage - INFO - this element 回复 was clicked.
2019-02-27 20:12:30,028 - BasePage - INFO - find element
2019-02-27 20:12:30,121 - BasePage - INFO - yyyyyyyyyyyyyyyyyyyyyy
2019-02-27 20:12:30,146 - BasePage - INFO - find element
2019-02-27 20:12:30,384 - BasePage - ERROR - Failed to click the element with Message: stale element reference: element is not attached to the page document
  (Session info: chrome=69.0.3497.100)
  (Driver info: chromedriver=2.41.578737 (49da6702b16031c40d63e5618de03a32ff6c197e),platform=Windows NT 10.0.17134 x86_64)

2019-02-27 20:12:30,411 - BasePage - INFO - find element
2019-02-27 20:12:30,482 - BasePage - INFO - this element | was clicked.
