2019-02-27 15:53:29,095 - BasePage - INFO - find element
2019-02-27 15:53:29,169 - BasePage - INFO - admin
2019-02-27 15:53:29,192 - BasePage - INFO - find element
2019-02-27 15:53:29,237 - BasePage - INFO - admin
2019-02-27 15:53:29,262 - BasePage - INFO - find element
2019-02-27 15:53:29,320 - BasePage - INFO - this element 登录 was clicked.
2019-02-27 15:53:31,377 - BasePage - INFO - find element
2019-02-27 15:53:31,641 - BasePage - ERROR - Failed to click the element with Message: stale element reference: element is not attached to the page document
  (Session info: chrome=69.0.3497.100)
  (Driver info: chromedriver=2.41.578737 (49da6702b16031c40d63e5618de03a32ff6c197e),platform=Windows NT 10.0.17134 x86_64)

2019-02-27 15:53:31,711 - BasePage - INFO - find element
2019-02-27 15:53:32,074 - BasePage - ERROR - Failed to click the element with Message: stale element reference: element is not attached to the page document
  (Session info: chrome=69.0.3497.100)
  (Driver info: chromedriver=2.41.578737 (49da6702b16031c40d63e5618de03a32ff6c197e),platform=Windows NT 10.0.17134 x86_64)

2019-02-27 15:53:32,108 - BasePage - INFO - find element
2019-02-27 15:53:32,170 - BasePage - INFO - qq
2019-02-27 15:53:32,170 - BasePage - ERROR - <discuz.discuz.Discuz object at 0x000001D731530048>页面未找到('id', 'e_iframe', 'css selector', 'body p')元素
2019-02-27 15:53:32,170 - BasePage - ERROR - Failed to type in input box with 'NoneType' object has no attribute 'send_keys'
2019-02-27 15:53:32,197 - BasePage - INFO - find element
2019-02-27 15:53:32,316 - BasePage - INFO - this element 发表帖子 was clicked.
