2019-02-27 19:14:20,443 - BasePage - INFO - find element
2019-02-27 19:14:20,523 - BasePage - INFO - admin
2019-02-27 19:14:20,549 - BasePage - INFO - find element
2019-02-27 19:14:20,590 - BasePage - INFO - admin
2019-02-27 19:14:20,616 - BasePage - INFO - find element
2019-02-27 19:14:20,675 - BasePage - INFO - this element 登录 was clicked.
2019-02-27 19:14:22,729 - BasePage - INFO - find element
2019-02-27 19:14:23,067 - BasePage - ERROR - Failed to click the element with Message: stale element reference: element is not attached to the page document
  (Session info: chrome=69.0.3497.100)
  (Driver info: chromedriver=2.41.578737 (49da6702b16031c40d63e5618de03a32ff6c197e),platform=Windows NT 10.0.17134 x86_64)

2019-02-27 19:14:25,106 - BasePage - INFO - find element
2019-02-27 19:14:25,208 - BasePage - INFO - this element 管理中心 was clicked.
2019-02-27 19:14:26,269 - BasePage - INFO - find element
2019-02-27 19:14:26,323 - BasePage - INFO - admin
2019-02-27 19:14:26,350 - BasePage - INFO - find element
2019-02-27 19:14:54,232 - BasePage - ERROR - Failed to click the element with Message: stale element reference: element is not attached to the page document
  (Session info: chrome=69.0.3497.100)
  (Driver info: chromedriver=2.41.578737 (49da6702b16031c40d63e5618de03a32ff6c197e),platform=Windows NT 10.0.17134 x86_64)

2019-02-27 19:14:54,263 - BasePage - INFO - find element
2019-02-27 19:14:54,453 - BasePage - INFO - this element 论坛 was clicked.
2019-02-27 19:14:54,501 - BasePage - INFO - find element
2019-02-27 19:14:54,618 - BasePage - INFO - this element 添加新版块 was clicked.
2019-02-27 19:14:54,647 - BasePage - INFO - find element
2019-02-27 19:14:54,853 - BasePage - ERROR - Failed to click the element with Message: stale element reference: element is not attached to the page document
  (Session info: chrome=69.0.3497.100)
  (Driver info: chromedriver=2.41.578737 (49da6702b16031c40d63e5618de03a32ff6c197e),platform=Windows NT 10.0.17134 x86_64)

2019-02-27 19:14:54,883 - BasePage - INFO - find element
2019-02-27 19:14:55,252 - BasePage - ERROR - Failed to click the element with Message: stale element reference: element is not attached to the page document
  (Session info: chrome=69.0.3497.100)
  (Driver info: chromedriver=2.41.578737 (49da6702b16031c40d63e5618de03a32ff6c197e),platform=Windows NT 10.0.17134 x86_64)

2019-02-27 19:14:55,277 - BasePage - INFO - find element
2019-02-27 19:14:55,686 - BasePage - ERROR - Failed to click the element with Message: stale element reference: element is not attached to the page document
  (Session info: chrome=69.0.3497.100)
  (Driver info: chromedriver=2.41.578737 (49da6702b16031c40d63e5618de03a32ff6c197e),platform=Windows NT 10.0.17134 x86_64)

