2019-02-27 14:49:22,088 - BasePage - INFO - find element
2019-02-27 14:49:22,160 - BasePage - INFO - admin
2019-02-27 14:49:22,185 - BasePage - INFO - find element
2019-02-27 14:49:22,230 - BasePage - INFO - admin
2019-02-27 14:49:22,261 - BasePage - INFO - find element
2019-02-27 14:49:22,353 - BasePage - INFO - this element 登录 was clicked.
2019-02-27 14:49:24,405 - BasePage - INFO - find element
2019-02-27 14:49:24,683 - BasePage - ERROR - Failed to click the element with Message: stale element reference: element is not attached to the page document
  (Session info: chrome=69.0.3497.100)
  (Driver info: chromedriver=2.41.578737 (49da6702b16031c40d63e5618de03a32ff6c197e),platform=Windows NT 10.0.17134 x86_64)

2019-02-27 14:49:24,775 - BasePage - INFO - find element
2019-02-27 14:49:25,171 - BasePage - ERROR - Failed to click the element with Message: stale element reference: element is not attached to the page document
  (Session info: chrome=69.0.3497.100)
  (Driver info: chromedriver=2.41.578737 (49da6702b16031c40d63e5618de03a32ff6c197e),platform=Windows NT 10.0.17134 x86_64)

2019-02-27 14:49:25,171 - BasePage - ERROR - <discuz.discuz.Discuz object at 0x00000161BEADFF60>页面未找到('qq', 'css selector', '.z input')元素
2019-02-27 14:49:25,171 - BasePage - ERROR - Failed to type in input box with 'NoneType' object has no attribute 'send_keys'
2019-02-27 14:49:25,171 - BasePage - ERROR - <discuz.discuz.Discuz object at 0x00000161BEADFF60>页面未找到('qq', 'css selector', '.area body p')元素
2019-02-27 14:49:25,171 - BasePage - ERROR - Failed to type in input box with 'NoneType' object has no attribute 'send_keys'
2019-02-27 14:49:25,251 - BasePage - INFO - find element
2019-02-27 14:49:25,887 - BasePage - INFO - this element 发表帖子 was clicked.
