2019-02-27 17:02:54,924 - BasePage - INFO - find element
2019-02-27 17:02:54,993 - BasePage - INFO - admin
2019-02-27 17:02:55,019 - BasePage - INFO - find element
2019-02-27 17:02:55,066 - BasePage - INFO - admin
2019-02-27 17:02:55,091 - BasePage - INFO - find element
2019-02-27 17:02:55,153 - BasePage - INFO - this element µÇÂ¼ was clicked.
2019-02-27 17:02:57,212 - BasePage - INFO - find element
2019-02-27 17:02:57,504 - BasePage - ERROR - Failed to click the element with Message: stale element reference: element is not attached to the page document
  (Session info: chrome=69.0.3497.100)
  (Driver info: chromedriver=2.41.578737 (49da6702b16031c40d63e5618de03a32ff6c197e),platform=Windows NT 10.0.17134 x86_64)

2019-02-27 17:02:59,546 - BasePage - INFO - find element
2019-02-27 17:02:59,609 - BasePage - INFO - this element  was clicked.
2019-02-27 17:02:59,669 - BasePage - INFO - find element
2019-02-27 17:02:59,860 - BasePage - INFO - this element É¾³ý was clicked.
2019-02-27 17:02:59,885 - BasePage - INFO - find element
2019-02-27 17:03:00,938 - BasePage - ERROR - Failed to click the element with Message: stale element reference: element is not attached to the page document
  (Session info: chrome=69.0.3497.100)
  (Driver info: chromedriver=2.41.578737 (49da6702b16031c40d63e5618de03a32ff6c197e),platform=Windows NT 10.0.17134 x86_64)

2019-02-27 17:03:02,965 - BasePage - INFO - find element
2019-02-27 17:03:03,045 - BasePage - INFO - this element | was clicked.
