2019-02-27 18:57:28,315 - BasePage - INFO - find element
2019-02-27 18:57:28,391 - BasePage - INFO - admin
2019-02-27 18:57:28,418 - BasePage - INFO - find element
2019-02-27 18:57:28,467 - BasePage - INFO - admin
2019-02-27 18:57:28,498 - BasePage - INFO - find element
2019-02-27 18:57:28,578 - BasePage - INFO - this element 登录 was clicked.
2019-02-27 18:57:30,606 - BasePage - INFO - find element
2019-02-27 18:57:31,190 - BasePage - ERROR - Failed to click the element with Message: stale element reference: element is not attached to the page document
  (Session info: chrome=69.0.3497.100)
  (Driver info: chromedriver=2.41.578737 (49da6702b16031c40d63e5618de03a32ff6c197e),platform=Windows NT 10.0.17134 x86_64)

2019-02-27 18:57:33,234 - BasePage - INFO - find element
2019-02-27 18:57:33,332 - BasePage - INFO - this element 管理中心 was clicked.
2019-02-27 18:57:45,482 - BasePage - ERROR - <discuz.discuz.Discuz object at 0x0000021FDE06E518>页面未找到('name', 'admin_password')元素
2019-02-27 18:57:45,482 - BasePage - ERROR - Failed to type in input box with 'NoneType' object has no attribute 'send_keys'
2019-02-27 18:57:56,583 - BasePage - ERROR - <discuz.discuz.Discuz object at 0x0000021FDE06E518>页面未找到('name', 'submit')元素
2019-02-27 18:57:56,583 - BasePage - ERROR - Failed to click the element with 'NoneType' object has no attribute 'click'
2019-02-27 18:57:56,625 - BasePage - INFO - find element
2019-02-27 18:57:56,697 - BasePage - INFO - this element 论坛 was clicked.
2019-02-27 18:57:56,912 - BasePage - INFO - find element
2019-02-27 18:57:57,031 - BasePage - INFO - this element 添加新版块 was clicked.
2019-02-27 18:57:57,059 - BasePage - INFO - find element
2019-02-27 18:57:57,302 - BasePage - ERROR - Failed to click the element with Message: stale element reference: element is not attached to the page document
  (Session info: chrome=69.0.3497.100)
  (Driver info: chromedriver=2.41.578737 (49da6702b16031c40d63e5618de03a32ff6c197e),platform=Windows NT 10.0.17134 x86_64)

2019-02-27 18:58:10,385 - BasePage - ERROR - <discuz.discuz.Discuz object at 0x0000021FDE06E518>页面未找到('css selector', '.pipe')元素
2019-02-27 18:58:10,386 - BasePage - ERROR - Failed to click the element with 'NoneType' object has no attribute 'click'
