2019-02-27 18:07:46,403 - BasePage - INFO - find element
2019-02-27 18:07:46,479 - BasePage - INFO - admin
2019-02-27 18:07:46,511 - BasePage - INFO - find element
2019-02-27 18:07:46,554 - BasePage - INFO - admin
2019-02-27 18:07:46,578 - BasePage - INFO - find element
2019-02-27 18:07:46,635 - BasePage - INFO - this element 登录 was clicked.
2019-02-27 18:07:48,668 - BasePage - INFO - find element
2019-02-27 18:07:48,946 - BasePage - ERROR - Failed to click the element with Message: stale element reference: element is not attached to the page document
  (Session info: chrome=69.0.3497.100)
  (Driver info: chromedriver=2.41.578737 (49da6702b16031c40d63e5618de03a32ff6c197e),platform=Windows NT 10.0.17134 x86_64)

2019-02-27 18:07:50,990 - BasePage - INFO - find element
2019-02-27 18:07:51,086 - BasePage - INFO - this element 管理中心 was clicked.
2019-02-27 18:08:03,204 - BasePage - ERROR - <discuz.discuz.Discuz object at 0x00000291ED83E4E0>页面未找到('name', 'admin_password')元素
2019-02-27 18:08:03,204 - BasePage - ERROR - Failed to type in input box with 'NoneType' object has no attribute 'send_keys'
2019-02-27 18:08:14,302 - BasePage - ERROR - <discuz.discuz.Discuz object at 0x00000291ED83E4E0>页面未找到('name', 'submit')元素
2019-02-27 18:08:14,302 - BasePage - ERROR - Failed to click the element with 'NoneType' object has no attribute 'click'
2019-02-27 18:08:14,351 - BasePage - INFO - find element
2019-02-27 18:08:14,427 - BasePage - INFO - this element 论坛 was clicked.
2019-02-27 18:08:14,619 - BasePage - INFO - find element
2019-02-27 18:08:14,797 - BasePage - INFO - this element 添加新版块 was clicked.
2019-02-27 18:08:25,849 - BasePage - ERROR - <discuz.discuz.Discuz object at 0x00000291ED83E4E0>页面未找到('name', 'submit')元素
2019-02-27 18:08:25,850 - BasePage - ERROR - Failed to click the element with 'NoneType' object has no attribute 'click'
2019-02-27 18:08:38,945 - BasePage - ERROR - <discuz.discuz.Discuz object at 0x00000291ED83E4E0>页面未找到('css selector', '.pipe')元素
2019-02-27 18:08:38,945 - BasePage - ERROR - Failed to click the element with 'NoneType' object has no attribute 'click'
