2019-02-27 14:40:42,181 - BasePage - INFO - find element
2019-02-27 14:40:42,266 - BasePage - INFO - admin
2019-02-27 14:40:42,296 - BasePage - INFO - find element
2019-02-27 14:40:42,348 - BasePage - INFO - admin
2019-02-27 14:40:42,379 - BasePage - INFO - find element
2019-02-27 14:40:42,452 - BasePage - INFO - this element 登录 was clicked.
2019-02-27 14:40:44,479 - BasePage - INFO - find element
2019-02-27 14:40:44,869 - BasePage - ERROR - Failed to click the element with Message: stale element reference: element is not attached to the page document
  (Session info: chrome=69.0.3497.100)
  (Driver info: chromedriver=2.41.578737 (49da6702b16031c40d63e5618de03a32ff6c197e),platform=Windows NT 10.0.17134 x86_64)

2019-02-27 14:40:44,970 - BasePage - INFO - find element
2019-02-27 14:40:45,692 - BasePage - ERROR - Failed to click the element with Message: stale element reference: element is not attached to the page document
  (Session info: chrome=69.0.3497.100)
  (Driver info: chromedriver=2.41.578737 (49da6702b16031c40d63e5618de03a32ff6c197e),platform=Windows NT 10.0.17134 x86_64)

2019-02-27 14:40:45,692 - BasePage - ERROR - <discuz.discuz.Discuz object at 0x000001EAF3BC6F60>页面未找到('qq', 'id', 'subject')元素
2019-02-27 14:40:45,693 - BasePage - ERROR - Failed to type in input box with 'NoneType' object has no attribute 'send_keys'
2019-02-27 14:40:45,693 - BasePage - ERROR - <discuz.discuz.Discuz object at 0x000001EAF3BC6F60>页面未找到('qq', 'css selector', '.pt body p')元素
2019-02-27 14:40:45,693 - BasePage - ERROR - Failed to type in input box with 'NoneType' object has no attribute 'send_keys'
2019-02-27 14:40:56,788 - BasePage - ERROR - <discuz.discuz.Discuz object at 0x000001EAF3BC6F60>页面未找到('css selector', '.pn pnc span')元素
2019-02-27 14:40:56,788 - BasePage - ERROR - Failed to click the element with 'NoneType' object has no attribute 'click'
