2019-02-27 15:15:07,183 - BasePage - INFO - find element
2019-02-27 15:15:07,250 - BasePage - INFO - admin
2019-02-27 15:15:07,280 - BasePage - INFO - find element
2019-02-27 15:15:07,331 - BasePage - INFO - admin
2019-02-27 15:15:07,361 - BasePage - INFO - find element
2019-02-27 15:15:07,428 - BasePage - INFO - this element 登录 was clicked.
2019-02-27 15:15:09,460 - BasePage - INFO - find element
2019-02-27 15:15:09,852 - BasePage - ERROR - Failed to click the element with Message: stale element reference: element is not attached to the page document
  (Session info: chrome=69.0.3497.100)
  (Driver info: chromedriver=2.41.578737 (49da6702b16031c40d63e5618de03a32ff6c197e),platform=Windows NT 10.0.17134 x86_64)

2019-02-27 15:15:09,967 - BasePage - INFO - find element
2019-02-27 15:15:10,459 - BasePage - ERROR - Failed to click the element with Message: stale element reference: element is not attached to the page document
  (Session info: chrome=69.0.3497.100)
  (Driver info: chromedriver=2.41.578737 (49da6702b16031c40d63e5618de03a32ff6c197e),platform=Windows NT 10.0.17134 x86_64)

2019-02-27 15:15:10,535 - BasePage - INFO - find element
2019-02-27 15:15:10,600 - BasePage - INFO - qq
2019-02-27 15:15:21,658 - BasePage - ERROR - <discuz.discuz.Discuz object at 0x000002456B9D3F60>页面未找到('id', 'e_iframe body p')元素
2019-02-27 15:15:21,658 - BasePage - ERROR - Failed to type in input box with 'NoneType' object has no attribute 'send_keys'
2019-02-27 15:15:21,692 - BasePage - INFO - find element
2019-02-27 15:15:21,815 - BasePage - INFO - this element 发表帖子 was clicked.
