2019-02-28 10:37:38,901 - BasePage - ERROR - <discuz.discuz.Discuz object at 0x000001B8C43D2F28>页面未找到('id', 'ls_username')元素
2019-02-28 10:37:38,901 - BasePage - ERROR - Failed to type in input box with 'NoneType' object has no attribute 'send_keys'
2019-02-28 10:37:38,941 - BasePage - ERROR - <discuz.discuz.Discuz object at 0x000001B8C43D2F28>页面未找到('id', 'ls_password')元素
2019-02-28 10:37:38,941 - BasePage - ERROR - Failed to type in input box with 'NoneType' object has no attribute 'send_keys'
2019-02-28 10:37:38,961 - BasePage - ERROR - <discuz.discuz.Discuz object at 0x000001B8C43D2F28>页面未找到('css selector', 'em')元素
2019-02-28 10:37:38,961 - BasePage - ERROR - Failed to click the element with 'NoneType' object has no attribute 'click'
2019-02-28 10:37:41,005 - BasePage - ERROR - <discuz.discuz.Discuz object at 0x000001B8C43D2F28>页面未找到('css selector', '.fl_tb h2 a')元素
2019-02-28 10:37:41,005 - BasePage - ERROR - Failed to click the element with 'NoneType' object has no attribute 'click'
2019-02-28 10:37:54,116 - BasePage - ERROR - <discuz.discuz.Discuz object at 0x000001B8C43D2F28>页面未找到('id', 'newspecial')元素
2019-02-28 10:37:54,116 - BasePage - ERROR - Failed to click the element with 'NoneType' object has no attribute 'click'
2019-02-28 10:38:05,241 - BasePage - ERROR - <discuz.discuz.Discuz object at 0x000001B8C43D2F28>页面未找到('link text', '发起投票')元素
2019-02-28 10:38:05,241 - BasePage - ERROR - Failed to click the element with 'NoneType' object has no attribute 'click'
2019-02-28 10:38:16,327 - BasePage - ERROR - <discuz.discuz.Discuz object at 0x000001B8C43D2F28>页面未找到('id', 'subject')元素
2019-02-28 10:38:16,327 - BasePage - ERROR - Failed to type in input box with 'NoneType' object has no attribute 'send_keys'
2019-02-28 10:38:27,378 - BasePage - ERROR - <discuz.discuz.Discuz object at 0x000001B8C43D2F28>页面未找到('xpath', '//div/p/input[1]')元素
2019-02-28 10:38:27,378 - BasePage - ERROR - Failed to type in input box with 'NoneType' object has no attribute 'send_keys'
2019-02-28 10:38:34,370 - BasePage - ERROR - <discuz.discuz.Discuz object at 0x000001B8C43D2F28>页面未找到('xpath', '//div/p[2]/input[1]')元素
2019-02-28 10:38:34,371 - BasePage - ERROR - Failed to type in input box with 'NoneType' object has no attribute 'send_keys'
2019-02-28 10:38:34,376 - BasePage - ERROR - <discuz.discuz.Discuz object at 0x000001B8C43D2F28>页面未找到('id', 'postsubmit')元素
2019-02-28 10:38:34,376 - BasePage - ERROR - Failed to click the element with 'NoneType' object has no attribute 'click'
2019-02-28 10:38:37,398 - BasePage - ERROR - <discuz.discuz.Discuz object at 0x000001B8C43D2F28>页面未找到('id', 'option_1')元素
2019-02-28 10:38:37,398 - BasePage - ERROR - Failed to click the element with 'NoneType' object has no attribute 'click'
2019-02-28 10:38:37,398 - BasePage - ERROR - <discuz.discuz.Discuz object at 0x000001B8C43D2F28>页面未找到('id', 'pollsubmit')元素
2019-02-28 10:38:37,398 - BasePage - ERROR - Failed to click the element with 'NoneType' object has no attribute 'click'
2019-02-28 10:38:37,398 - BasePage - ERROR - <discuz.discuz.Discuz object at 0x000001B8C43D2F28>页面未找到('id', 'thread_subject')元素
2019-02-28 10:38:40,403 - BasePage - ERROR - <discuz.discuz.Discuz object at 0x000001B8C43D2F28>页面未找到('css selector', '.pipe')元素
2019-02-28 10:38:40,403 - BasePage - ERROR - Failed to click the element with 'NoneType' object has no attribute 'click'
