2019-02-27 15:00:42,376 - BasePage - INFO - find element
2019-02-27 15:00:42,456 - BasePage - INFO - admin
2019-02-27 15:00:42,481 - BasePage - INFO - find element
2019-02-27 15:00:42,527 - BasePage - INFO - admin
2019-02-27 15:00:42,553 - BasePage - INFO - find element
2019-02-27 15:00:42,618 - BasePage - INFO - this element 登录 was clicked.
2019-02-27 15:00:46,156 - BasePage - INFO - find element
2019-02-27 15:00:46,482 - BasePage - ERROR - Failed to click the element with Message: stale element reference: element is not attached to the page document
  (Session info: chrome=69.0.3497.100)
  (Driver info: chromedriver=2.41.578737 (49da6702b16031c40d63e5618de03a32ff6c197e),platform=Windows NT 10.0.17134 x86_64)

2019-02-27 15:00:46,646 - BasePage - INFO - find element
2019-02-27 15:00:47,110 - BasePage - ERROR - Failed to click the element with Message: stale element reference: element is not attached to the page document
  (Session info: chrome=69.0.3497.100)
  (Driver info: chromedriver=2.41.578737 (49da6702b16031c40d63e5618de03a32ff6c197e),platform=Windows NT 10.0.17134 x86_64)

2019-02-27 15:00:47,162 - BasePage - INFO - find element
2019-02-27 15:00:47,221 - BasePage - INFO - qq
2019-02-27 15:00:57,714 - BasePage - ERROR - <discuz.discuz.Discuz object at 0x0000019E40772F60>页面未找到('css selector', 'iframe[0] body p')元素
2019-02-27 15:00:57,714 - BasePage - ERROR - Failed to type in input box with 'NoneType' object has no attribute 'send_keys'
2019-02-27 15:00:57,766 - BasePage - INFO - find element
2019-02-27 15:00:57,886 - BasePage - INFO - this element 发表帖子 was clicked.
