2019-02-28 11:06:58,234 - BasePage - INFO - find element
2019-02-28 11:06:58,317 - BasePage - INFO - admin
2019-02-28 11:06:58,344 - BasePage - INFO - find element
2019-02-28 11:06:58,392 - BasePage - INFO - admin
2019-02-28 11:06:58,418 - BasePage - INFO - find element
2019-02-28 11:06:58,477 - BasePage - INFO - this element 登录 was clicked.
2019-02-28 11:07:00,566 - BasePage - INFO - find element
2019-02-28 11:07:00,964 - BasePage - ERROR - Failed to click the element with Message: stale element reference: element is not attached to the page document
  (Session info: chrome=69.0.3497.100)
  (Driver info: chromedriver=2.41.578737 (49da6702b16031c40d63e5618de03a32ff6c197e),platform=Windows NT 10.0.17134 x86_64)

2019-02-28 11:07:01,051 - BasePage - INFO - find element
2019-02-28 11:07:01,390 - BasePage - ERROR - Failed to click the element with Message: stale element reference: element is not attached to the page document
  (Session info: chrome=69.0.3497.100)
  (Driver info: chromedriver=2.41.578737 (49da6702b16031c40d63e5618de03a32ff6c197e),platform=Windows NT 10.0.17134 x86_64)

2019-02-28 11:07:01,421 - BasePage - INFO - find element
2019-02-28 11:07:01,485 - BasePage - INFO - ww
2019-02-28 11:07:01,524 - BasePage - INFO - find element
2019-02-28 11:07:01,669 - BasePage - INFO - ewrstydfxdtsressdrxg
2019-02-28 11:07:01,699 - BasePage - INFO - find element
2019-02-28 11:07:01,835 - BasePage - INFO - this element 发表帖子 was clicked.
2019-02-28 11:07:30,831 - BasePage - INFO - find element
2019-02-28 11:07:30,943 - BasePage - INFO - this element 回复 was clicked.
2019-02-28 11:07:31,083 - BasePage - INFO - find element
2019-02-28 11:07:31,171 - BasePage - INFO - yyyyyyyyyyyyyyyyyyyyyy
2019-02-28 11:07:31,190 - BasePage - INFO - find element
2019-02-28 11:07:31,224 - BasePage - INFO - this element 回复 was clicked.
2019-02-28 11:07:31,249 - BasePage - INFO - find element
2019-02-28 11:07:31,321 - BasePage - INFO - this element | was clicked.
