2019-02-27 15:59:21,361 - BasePage - INFO - find element
2019-02-27 15:59:21,437 - BasePage - INFO - admin
2019-02-27 15:59:21,462 - BasePage - INFO - find element
2019-02-27 15:59:21,504 - BasePage - INFO - admin
2019-02-27 15:59:21,533 - BasePage - INFO - find element
2019-02-27 15:59:21,592 - BasePage - INFO - this element µÇÂ¼ was clicked.
2019-02-27 15:59:23,624 - BasePage - INFO - find element
2019-02-27 15:59:23,981 - BasePage - ERROR - Failed to click the element with Message: stale element reference: element is not attached to the page document
  (Session info: chrome=69.0.3497.100)
  (Driver info: chromedriver=2.41.578737 (49da6702b16031c40d63e5618de03a32ff6c197e),platform=Windows NT 10.0.17134 x86_64)

2019-02-27 15:59:24,047 - BasePage - INFO - find element
2019-02-27 15:59:24,426 - BasePage - ERROR - Failed to click the element with Message: stale element reference: element is not attached to the page document
  (Session info: chrome=69.0.3497.100)
  (Driver info: chromedriver=2.41.578737 (49da6702b16031c40d63e5618de03a32ff6c197e),platform=Windows NT 10.0.17134 x86_64)

2019-02-27 15:59:24,476 - BasePage - INFO - find element
2019-02-27 15:59:24,540 - BasePage - INFO - qq
2019-02-27 15:59:35,116 - BasePage - ERROR - <discuz.discuz.Discuz object at 0x0000021FC8D8F0F0>Ò³ÃæÎ´ÕÒµ½('css selector', 'body p')ÔªËØ
2019-02-27 15:59:35,117 - BasePage - ERROR - Failed to type in input box with 'NoneType' object has no attribute 'send_keys'
2019-02-27 15:59:46,165 - BasePage - ERROR - <discuz.discuz.Discuz object at 0x0000021FC8D8F0F0>Ò³ÃæÎ´ÕÒµ½('css selector', '.mtm.mbm.pnpost button span')ÔªËØ
2019-02-27 15:59:46,166 - BasePage - ERROR - Failed to click the element with 'NoneType' object has no attribute 'click'
