2019-02-27 17:43:01,941 - BasePage - INFO - find element
2019-02-27 17:43:02,021 - BasePage - INFO - admin
2019-02-27 17:43:02,047 - BasePage - INFO - find element
2019-02-27 17:43:02,097 - BasePage - INFO - admin
2019-02-27 17:43:02,127 - BasePage - INFO - find element
2019-02-27 17:43:02,195 - BasePage - INFO - this element 登录 was clicked.
2019-02-27 17:43:04,234 - BasePage - INFO - find element
2019-02-27 17:43:04,559 - BasePage - ERROR - Failed to click the element with Message: stale element reference: element is not attached to the page document
  (Session info: chrome=69.0.3497.100)
  (Driver info: chromedriver=2.41.578737 (49da6702b16031c40d63e5618de03a32ff6c197e),platform=Windows NT 10.0.17134 x86_64)

2019-02-27 17:43:06,596 - BasePage - INFO - find element
2019-02-27 17:43:06,691 - BasePage - INFO - this element 管理中心 was clicked.
2019-02-27 17:43:07,740 - BasePage - INFO - find element
2019-02-27 17:43:07,798 - BasePage - INFO - admin
2019-02-27 17:43:18,818 - BasePage - ERROR - <discuz.discuz.Discuz object at 0x00000207F330E4E0>页面未找到('link text', '论坛')元素
2019-02-27 17:43:18,819 - BasePage - ERROR - Failed to click the element with 'NoneType' object has no attribute 'click'
2019-02-27 17:43:29,961 - BasePage - ERROR - <discuz.discuz.Discuz object at 0x00000207F330E4E0>页面未找到('link text', '添加新版块')元素
2019-02-27 17:43:29,961 - BasePage - ERROR - Failed to click the element with 'NoneType' object has no attribute 'click'
2019-02-27 17:43:40,994 - BasePage - ERROR - <discuz.discuz.Discuz object at 0x00000207F330E4E0>页面未找到('name', 'editsubmit')元素
2019-02-27 17:43:40,994 - BasePage - ERROR - Failed to click the element with 'NoneType' object has no attribute 'click'
2019-02-27 17:43:54,062 - BasePage - ERROR - <discuz.discuz.Discuz object at 0x00000207F330E4E0>页面未找到('css selector', '.pipe')元素
2019-02-27 17:43:54,062 - BasePage - ERROR - Failed to click the element with 'NoneType' object has no attribute 'click'
