2019-02-27 20:33:15,385 - BasePage - INFO - find element
2019-02-27 20:33:15,464 - BasePage - INFO - admin
2019-02-27 20:33:15,492 - BasePage - INFO - find element
2019-02-27 20:33:15,545 - BasePage - INFO - admin
2019-02-27 20:33:15,577 - BasePage - INFO - find element
2019-02-27 20:33:15,648 - BasePage - INFO - this element 登录 was clicked.
2019-02-27 20:33:26,979 - BasePage - INFO - find element
2019-02-27 20:33:37,142 - BasePage - ERROR - Failed to click the element with Message: stale element reference: element is not attached to the page document
  (Session info: chrome=69.0.3497.100)
  (Driver info: chromedriver=2.41.578737 (49da6702b16031c40d63e5618de03a32ff6c197e),platform=Windows NT 10.0.17134 x86_64)

2019-02-27 20:33:37,188 - BasePage - INFO - find element
2019-02-27 20:33:47,372 - BasePage - ERROR - Failed to click the element with Message: stale element reference: element is not attached to the page document
  (Session info: chrome=69.0.3497.100)
  (Driver info: chromedriver=2.41.578737 (49da6702b16031c40d63e5618de03a32ff6c197e),platform=Windows NT 10.0.17134 x86_64)

2019-02-27 20:33:47,397 - BasePage - INFO - find element
2019-02-27 20:33:47,444 - BasePage - INFO - ww
2019-02-27 20:33:47,485 - BasePage - INFO - find element
2019-02-27 20:33:47,628 - BasePage - INFO - ewrstydfxdtsressdrxg
2019-02-27 20:33:47,655 - BasePage - INFO - find element
2019-02-27 20:33:47,742 - BasePage - INFO - this element  was clicked.
2019-02-27 20:34:00,875 - BasePage - ERROR - <discuz.discuz.Discuz object at 0x000001E98B67C710>页面未找到('link text', '回复')元素
2019-02-27 20:34:00,875 - BasePage - ERROR - Failed to click the element with 'NoneType' object has no attribute 'click'
2019-02-27 20:34:11,915 - BasePage - ERROR - <discuz.discuz.Discuz object at 0x000001E98B67C710>页面未找到('id', 'postmessage')元素
2019-02-27 20:34:11,915 - BasePage - ERROR - Failed to type in input box with 'NoneType' object has no attribute 'send_keys'
2019-02-27 20:34:22,979 - BasePage - ERROR - <discuz.discuz.Discuz object at 0x000001E98B67C710>页面未找到('css selector', '.fastre')元素
2019-02-27 20:34:22,980 - BasePage - ERROR - Failed to click the element with 'NoneType' object has no attribute 'click'
2019-02-27 20:34:23,021 - BasePage - INFO - find element
2019-02-27 20:34:23,086 - BasePage - INFO - this element | was clicked.
