2019-02-27 20:24:09,753 - BasePage - INFO - find element
2019-02-27 20:24:09,828 - BasePage - INFO - admin
2019-02-27 20:24:09,855 - BasePage - INFO - find element
2019-02-27 20:24:09,906 - BasePage - INFO - admin
2019-02-27 20:24:09,933 - BasePage - INFO - find element
2019-02-27 20:24:09,997 - BasePage - INFO - this element 登录 was clicked.
2019-02-27 20:24:20,333 - BasePage - INFO - find element
2019-02-27 20:24:30,502 - BasePage - ERROR - Failed to click the element with Message: stale element reference: element is not attached to the page document
  (Session info: chrome=69.0.3497.100)
  (Driver info: chromedriver=2.41.578737 (49da6702b16031c40d63e5618de03a32ff6c197e),platform=Windows NT 10.0.17134 x86_64)

2019-02-27 20:24:30,532 - BasePage - INFO - find element
2019-02-27 20:24:41,696 - BasePage - ERROR - Failed to click the element with Message: stale element reference: element is not attached to the page document
  (Session info: chrome=69.0.3497.100)
  (Driver info: chromedriver=2.41.578737 (49da6702b16031c40d63e5618de03a32ff6c197e),platform=Windows NT 10.0.17134 x86_64)

2019-02-27 20:24:41,723 - BasePage - INFO - find element
2019-02-27 20:24:41,788 - BasePage - INFO - ww
2019-02-27 20:24:41,829 - BasePage - INFO - find element
2019-02-27 20:24:41,962 - BasePage - INFO - ewrstydfxdtsressdrxg
2019-02-27 20:24:53,025 - BasePage - ERROR - <discuz.discuz.Discuz object at 0x000001B3F997C6D8>页面未找到('css selector', 'postsubmit')元素
2019-02-27 20:24:53,026 - BasePage - ERROR - Failed to click the element with 'NoneType' object has no attribute 'click'
2019-02-27 20:25:05,174 - BasePage - ERROR - <discuz.discuz.Discuz object at 0x000001B3F997C6D8>页面未找到('link text', '回复')元素
2019-02-27 20:25:05,175 - BasePage - ERROR - Failed to click the element with 'NoneType' object has no attribute 'click'
2019-02-27 20:25:16,304 - BasePage - ERROR - <discuz.discuz.Discuz object at 0x000001B3F997C6D8>页面未找到('id', 'postmessage')元素
2019-02-27 20:25:16,304 - BasePage - ERROR - Failed to type in input box with 'NoneType' object has no attribute 'send_keys'
2019-02-27 20:25:27,377 - BasePage - ERROR - <discuz.discuz.Discuz object at 0x000001B3F997C6D8>页面未找到('css selector', '.fastre')元素
2019-02-27 20:25:27,377 - BasePage - ERROR - Failed to click the element with 'NoneType' object has no attribute 'click'
2019-02-27 20:25:27,428 - BasePage - INFO - find element
2019-02-27 20:25:27,494 - BasePage - INFO - this element | was clicked.
