2019-02-28 09:25:52,286 - BasePage - INFO - find element
2019-02-28 09:25:52,784 - BasePage - INFO - admin
2019-02-28 09:25:52,811 - BasePage - INFO - find element
2019-02-28 09:25:52,862 - BasePage - INFO - admin
2019-02-28 09:25:52,890 - BasePage - INFO - find element
2019-02-28 09:25:54,222 - BasePage - INFO - this element 登录 was clicked.
2019-02-28 09:25:56,455 - BasePage - INFO - find element
2019-02-28 09:25:57,486 - BasePage - ERROR - Failed to click the element with Message: stale element reference: element is not attached to the page document
  (Session info: chrome=69.0.3497.100)
  (Driver info: chromedriver=2.41.578737 (49da6702b16031c40d63e5618de03a32ff6c197e),platform=Windows NT 10.0.17134 x86_64)

2019-02-28 09:25:59,513 - BasePage - INFO - find element
2019-02-28 09:26:00,760 - BasePage - ERROR - Failed to click the element with Message: stale element reference: element is not attached to the page document
  (Session info: chrome=69.0.3497.100)
  (Driver info: chromedriver=2.41.578737 (49da6702b16031c40d63e5618de03a32ff6c197e),platform=Windows NT 10.0.17134 x86_64)

2019-02-28 09:26:00,881 - BasePage - INFO - find element
2019-02-28 09:26:01,662 - BasePage - ERROR - Failed to click the element with Message: stale element reference: element is not attached to the page document
  (Session info: chrome=69.0.3497.100)
  (Driver info: chromedriver=2.41.578737 (49da6702b16031c40d63e5618de03a32ff6c197e),platform=Windows NT 10.0.17134 x86_64)

2019-02-28 09:26:01,713 - BasePage - INFO - find element
2019-02-28 09:26:01,768 - BasePage - INFO - 股票
2019-02-28 09:26:12,034 - BasePage - ERROR - <discuz.discuz.Discuz object at 0x000001DCF1E450F0>页面未找到('css selector', '.pollm_c_1>p:first_of_type')元素
2019-02-28 09:26:12,059 - BasePage - ERROR - Failed to type in input box with 'NoneType' object has no attribute 'send_keys'
2019-02-28 09:26:23,135 - BasePage - ERROR - <discuz.discuz.Discuz object at 0x000001DCF1E450F0>页面未找到('css selector', '.pollm_c_1>p:nth-child(2)')元素
2019-02-28 09:26:23,135 - BasePage - ERROR - Failed to type in input box with 'NoneType' object has no attribute 'send_keys'
2019-02-28 09:26:23,150 - BasePage - INFO - find element
2019-02-28 09:26:23,263 - BasePage - INFO - this element 发起投票 was clicked.
2019-02-28 09:26:26,313 - BasePage - INFO - find element
2019-02-28 09:26:26,369 - BasePage - INFO - this element | was clicked.
