2019-02-28 10:57:05,954 - BasePage - INFO - find element
2019-02-28 10:57:06,041 - BasePage - INFO - admin
2019-02-28 10:57:06,069 - BasePage - INFO - find element
2019-02-28 10:57:06,121 - BasePage - INFO - admin
2019-02-28 10:57:06,150 - BasePage - INFO - find element
2019-02-28 10:57:06,212 - BasePage - INFO - this element 登录 was clicked.
2019-02-28 10:57:08,295 - BasePage - INFO - find element
2019-02-28 10:57:08,589 - BasePage - ERROR - Failed to click the element with Message: stale element reference: element is not attached to the page document
  (Session info: chrome=69.0.3497.100)
  (Driver info: chromedriver=2.41.578737 (49da6702b16031c40d63e5618de03a32ff6c197e),platform=Windows NT 10.0.17134 x86_64)

2019-02-28 10:57:08,683 - BasePage - INFO - find element
2019-02-28 10:57:09,054 - BasePage - ERROR - Failed to click the element with Message: stale element reference: element is not attached to the page document
  (Session info: chrome=69.0.3497.100)
  (Driver info: chromedriver=2.41.578737 (49da6702b16031c40d63e5618de03a32ff6c197e),platform=Windows NT 10.0.17134 x86_64)

2019-02-28 10:57:09,088 - BasePage - INFO - find element
2019-02-28 10:57:09,153 - BasePage - INFO - ww
2019-02-28 10:57:09,189 - BasePage - INFO - find element
2019-02-28 10:57:09,312 - BasePage - INFO - ewrstydfxdtsressdrxg
2019-02-28 10:57:09,337 - BasePage - INFO - find element
2019-02-28 10:57:09,443 - BasePage - INFO - this element 发表帖子 was clicked.
2019-02-28 10:57:11,492 - BasePage - INFO - find element
2019-02-28 10:57:11,600 - BasePage - INFO - this element 回复 was clicked.
2019-02-28 10:57:11,742 - BasePage - INFO - find element
2019-02-28 10:57:11,847 - BasePage - INFO - yyyyyyyyyyyyyyyyyyyyyy
2019-02-28 10:57:11,867 - BasePage - INFO - find element
2019-02-28 10:57:11,912 - BasePage - INFO - this element 回复 was clicked.
2019-02-28 10:57:11,938 - BasePage - INFO - find element
2019-02-28 10:57:12,003 - BasePage - INFO - this element | was clicked.
