2019-02-27 15:01:52,340 - BasePage - INFO - find element
2019-02-27 15:01:52,391 - BasePage - INFO - admin
2019-02-27 15:01:52,435 - BasePage - INFO - find element
2019-02-27 15:01:52,481 - BasePage - INFO - admin
2019-02-27 15:01:52,508 - BasePage - INFO - find element
2019-02-27 15:01:53,636 - BasePage - INFO - this element 登录 was clicked.
2019-02-27 15:01:55,669 - BasePage - INFO - find element
2019-02-27 15:01:55,970 - BasePage - ERROR - Failed to click the element with Message: stale element reference: element is not attached to the page document
  (Session info: chrome=69.0.3497.100)
  (Driver info: chromedriver=2.41.578737 (49da6702b16031c40d63e5618de03a32ff6c197e),platform=Windows NT 10.0.17134 x86_64)

2019-02-27 15:01:56,008 - BasePage - INFO - find element
2019-02-27 15:01:56,395 - BasePage - ERROR - Failed to click the element with Message: stale element reference: element is not attached to the page document
  (Session info: chrome=69.0.3497.100)
  (Driver info: chromedriver=2.41.578737 (49da6702b16031c40d63e5618de03a32ff6c197e),platform=Windows NT 10.0.17134 x86_64)

2019-02-27 15:01:56,434 - BasePage - INFO - find element
2019-02-27 15:01:56,491 - BasePage - INFO - qq
2019-02-27 15:02:07,511 - BasePage - ERROR - <discuz.discuz.Discuz object at 0x0000016576504EF0>页面未找到('css selector', '.pt body p')元素
2019-02-27 15:02:07,511 - BasePage - ERROR - Failed to type in input box with 'NoneType' object has no attribute 'send_keys'
2019-02-27 15:02:07,552 - BasePage - INFO - find element
2019-02-27 15:02:07,677 - BasePage - INFO - this element 发表帖子 was clicked.
