2019-02-27 20:41:11,088 - BasePage - INFO - find element
2019-02-27 20:41:11,171 - BasePage - INFO - admin
2019-02-27 20:41:11,203 - BasePage - INFO - find element
2019-02-27 20:41:11,254 - BasePage - INFO - admin
2019-02-27 20:41:11,284 - BasePage - INFO - find element
2019-02-27 20:41:11,347 - BasePage - INFO - this element 登录 was clicked.
2019-02-27 20:41:22,661 - BasePage - INFO - find element
2019-02-27 20:41:33,801 - BasePage - ERROR - Failed to click the element with Message: stale element reference: element is not attached to the page document
  (Session info: chrome=69.0.3497.100)
  (Driver info: chromedriver=2.41.578737 (49da6702b16031c40d63e5618de03a32ff6c197e),platform=Windows NT 10.0.17134 x86_64)

2019-02-27 20:41:35,862 - BasePage - INFO - find element
2019-02-27 20:41:35,956 - BasePage - INFO - this element 管理中心 was clicked.
2019-02-27 20:41:37,032 - BasePage - INFO - find element
2019-02-27 20:41:37,082 - BasePage - INFO - admin
2019-02-27 20:41:37,109 - BasePage - INFO - find element
2019-02-27 20:42:09,423 - BasePage - ERROR - Failed to click the element with Message: stale element reference: element is not attached to the page document
  (Session info: chrome=69.0.3497.100)
  (Driver info: chromedriver=2.41.578737 (49da6702b16031c40d63e5618de03a32ff6c197e),platform=Windows NT 10.0.17134 x86_64)

2019-02-27 20:42:09,455 - BasePage - INFO - find element
2019-02-27 20:42:09,649 - BasePage - INFO - this element 论坛 was clicked.
2019-02-27 20:42:09,694 - BasePage - INFO - find element
2019-02-27 20:42:09,816 - BasePage - INFO - this element 添加新版块 was clicked.
2019-02-27 20:42:09,842 - BasePage - INFO - find element
2019-02-27 20:42:10,040 - BasePage - ERROR - Failed to click the element with Message: stale element reference: element is not attached to the page document
  (Session info: chrome=69.0.3497.100)
  (Driver info: chromedriver=2.41.578737 (49da6702b16031c40d63e5618de03a32ff6c197e),platform=Windows NT 10.0.17134 x86_64)

2019-02-27 20:42:10,069 - BasePage - INFO - find element
2019-02-27 20:42:20,327 - BasePage - ERROR - Failed to click the element with Message: stale element reference: element is not attached to the page document
  (Session info: chrome=69.0.3497.100)
  (Driver info: chromedriver=2.41.578737 (49da6702b16031c40d63e5618de03a32ff6c197e),platform=Windows NT 10.0.17134 x86_64)

2019-02-27 20:42:20,363 - BasePage - INFO - find element
2019-02-27 20:42:30,559 - BasePage - ERROR - Failed to click the element with Message: stale element reference: element is not attached to the page document
  (Session info: chrome=69.0.3497.100)
  (Driver info: chromedriver=2.41.578737 (49da6702b16031c40d63e5618de03a32ff6c197e),platform=Windows NT 10.0.17134 x86_64)

2019-02-27 20:42:30,598 - BasePage - INFO - find element
2019-02-27 20:42:41,074 - BasePage - ERROR - Failed to click the element with Message: stale element reference: element is not attached to the page document
  (Session info: chrome=69.0.3497.100)
  (Driver info: chromedriver=2.41.578737 (49da6702b16031c40d63e5618de03a32ff6c197e),platform=Windows NT 10.0.17134 x86_64)

2019-02-27 20:42:46,107 - BasePage - INFO - find element
2019-02-27 20:42:46,182 - BasePage - INFO - 123456
2019-02-27 20:42:46,209 - BasePage - INFO - find element
2019-02-27 20:42:46,258 - BasePage - INFO - 123456
2019-02-27 20:42:46,283 - BasePage - INFO - find element
2019-02-27 20:42:46,346 - BasePage - INFO - this element 登录 was clicked.
2019-02-27 20:42:56,685 - BasePage - INFO - find element
2019-02-27 20:43:07,841 - BasePage - ERROR - Failed to click the element with Message: stale element reference: element is not attached to the page document
  (Session info: chrome=69.0.3497.100)
  (Driver info: chromedriver=2.41.578737 (49da6702b16031c40d63e5618de03a32ff6c197e),platform=Windows NT 10.0.17134 x86_64)

2019-02-27 20:43:07,867 - BasePage - INFO - find element
2019-02-27 20:43:07,943 - BasePage - INFO - title
2019-02-27 20:43:07,984 - BasePage - INFO - find element
2019-02-27 20:43:08,124 - BasePage - INFO - contentisjgoisejrhoiejr
2019-02-27 20:43:08,153 - BasePage - INFO - find element
2019-02-27 20:43:08,261 - BasePage - INFO - this element 发表帖子 was clicked.
2019-02-27 20:43:19,550 - BasePage - INFO - find element
2019-02-27 20:43:19,651 - BasePage - INFO - this element 回复 was clicked.
2019-02-27 20:43:19,817 - BasePage - INFO - find element
2019-02-27 20:43:19,907 - BasePage - INFO - ppppppppppppppppppppp
2019-02-27 20:43:19,926 - BasePage - INFO - find element
2019-02-27 20:43:19,962 - BasePage - INFO - this element 回复 was clicked.
