2019-02-27 19:07:17,058 - BasePage - INFO - find element
2019-02-27 19:07:17,138 - BasePage - INFO - admin
2019-02-27 19:07:17,162 - BasePage - INFO - find element
2019-02-27 19:07:17,205 - BasePage - INFO - admin
2019-02-27 19:07:17,231 - BasePage - INFO - find element
2019-02-27 19:07:17,290 - BasePage - INFO - this element 登录 was clicked.
2019-02-27 19:07:19,348 - BasePage - INFO - find element
2019-02-27 19:07:19,687 - BasePage - ERROR - Failed to click the element with Message: stale element reference: element is not attached to the page document
  (Session info: chrome=69.0.3497.100)
  (Driver info: chromedriver=2.41.578737 (49da6702b16031c40d63e5618de03a32ff6c197e),platform=Windows NT 10.0.17134 x86_64)

2019-02-27 19:07:21,729 - BasePage - INFO - find element
2019-02-27 19:07:21,823 - BasePage - INFO - this element 管理中心 was clicked.
2019-02-27 19:07:33,962 - BasePage - ERROR - <discuz.discuz.Discuz object at 0x000001FEBEEFC588>页面未找到('name', 'admin_password')元素
2019-02-27 19:07:33,962 - BasePage - ERROR - Failed to type in input box with 'NoneType' object has no attribute 'send_keys'
2019-02-27 19:07:45,046 - BasePage - ERROR - <discuz.discuz.Discuz object at 0x000001FEBEEFC588>页面未找到('name', 'submit')元素
2019-02-27 19:07:45,046 - BasePage - ERROR - Failed to click the element with 'NoneType' object has no attribute 'click'
2019-02-27 19:07:45,085 - BasePage - INFO - find element
2019-02-27 19:07:45,157 - BasePage - INFO - this element 论坛 was clicked.
2019-02-27 19:07:45,438 - BasePage - INFO - find element
2019-02-27 19:07:45,555 - BasePage - INFO - this element 添加新版块 was clicked.
2019-02-27 19:07:45,586 - BasePage - INFO - find element
2019-02-27 19:07:45,783 - BasePage - ERROR - Failed to click the element with Message: stale element reference: element is not attached to the page document
  (Session info: chrome=69.0.3497.100)
  (Driver info: chromedriver=2.41.578737 (49da6702b16031c40d63e5618de03a32ff6c197e),platform=Windows NT 10.0.17134 x86_64)

2019-02-27 19:07:58,904 - BasePage - ERROR - <discuz.discuz.Discuz object at 0x000001FEBEEFC588>页面未找到('css selector', '.pipe')元素
2019-02-27 19:07:58,904 - BasePage - ERROR - Failed to click the element with 'NoneType' object has no attribute 'click'
