2019-02-27 20:27:53,003 - BasePage - INFO - find element
2019-02-27 20:27:53,066 - BasePage - INFO - admin
2019-02-27 20:27:53,102 - BasePage - INFO - find element
2019-02-27 20:27:53,143 - BasePage - INFO - admin
2019-02-27 20:27:53,169 - BasePage - INFO - find element
2019-02-27 20:27:53,226 - BasePage - INFO - this element 登录 was clicked.
2019-02-27 20:28:03,563 - BasePage - INFO - find element
2019-02-27 20:28:13,785 - BasePage - ERROR - Failed to click the element with Message: stale element reference: element is not attached to the page document
  (Session info: chrome=69.0.3497.100)
  (Driver info: chromedriver=2.41.578737 (49da6702b16031c40d63e5618de03a32ff6c197e),platform=Windows NT 10.0.17134 x86_64)

2019-02-27 20:28:13,811 - BasePage - INFO - find element
2019-02-27 20:28:24,030 - BasePage - ERROR - Failed to click the element with Message: stale element reference: element is not attached to the page document
  (Session info: chrome=69.0.3497.100)
  (Driver info: chromedriver=2.41.578737 (49da6702b16031c40d63e5618de03a32ff6c197e),platform=Windows NT 10.0.17134 x86_64)

2019-02-27 20:28:24,058 - BasePage - INFO - find element
2019-02-27 20:28:24,122 - BasePage - INFO - ww
2019-02-27 20:28:24,163 - BasePage - INFO - find element
2019-02-27 20:28:24,289 - BasePage - INFO - ewrstydfxdtsressdrxg
2019-02-27 20:28:35,394 - BasePage - ERROR - <discuz.discuz.Discuz object at 0x000002B0B34EC6D8>页面未找到('css selector', '.postsubmit')元素
2019-02-27 20:28:35,395 - BasePage - ERROR - Failed to click the element with 'NoneType' object has no attribute 'click'
2019-02-27 20:28:48,446 - BasePage - ERROR - <discuz.discuz.Discuz object at 0x000002B0B34EC6D8>页面未找到('link text', '回复')元素
2019-02-27 20:28:48,447 - BasePage - ERROR - Failed to click the element with 'NoneType' object has no attribute 'click'
2019-02-27 20:28:59,498 - BasePage - ERROR - <discuz.discuz.Discuz object at 0x000002B0B34EC6D8>页面未找到('id', 'postmessage')元素
2019-02-27 20:28:59,499 - BasePage - ERROR - Failed to type in input box with 'NoneType' object has no attribute 'send_keys'
2019-02-27 20:29:10,569 - BasePage - ERROR - <discuz.discuz.Discuz object at 0x000002B0B34EC6D8>页面未找到('css selector', '.fastre')元素
2019-02-27 20:29:10,570 - BasePage - ERROR - Failed to click the element with 'NoneType' object has no attribute 'click'
2019-02-27 20:29:10,613 - BasePage - INFO - find element
2019-02-27 20:29:10,672 - BasePage - INFO - this element | was clicked.
