2019-02-27 17:49:05,005 - BasePage - INFO - find element
2019-02-27 17:49:05,082 - BasePage - INFO - admin
2019-02-27 17:49:05,107 - BasePage - INFO - find element
2019-02-27 17:49:05,148 - BasePage - INFO - admin
2019-02-27 17:49:05,174 - BasePage - INFO - find element
2019-02-27 17:49:05,233 - BasePage - INFO - this element 登录 was clicked.
2019-02-27 17:49:07,261 - BasePage - INFO - find element
2019-02-27 17:49:07,590 - BasePage - ERROR - Failed to click the element with Message: stale element reference: element is not attached to the page document
  (Session info: chrome=69.0.3497.100)
  (Driver info: chromedriver=2.41.578737 (49da6702b16031c40d63e5618de03a32ff6c197e),platform=Windows NT 10.0.17134 x86_64)

2019-02-27 17:49:09,637 - BasePage - INFO - find element
2019-02-27 17:49:09,733 - BasePage - INFO - this element 管理中心 was clicked.
2019-02-27 17:49:10,799 - BasePage - INFO - find element
2019-02-27 17:49:10,848 - BasePage - INFO - admin
2019-02-27 17:49:21,957 - BasePage - ERROR - <discuz.discuz.Discuz object at 0x000001FBE610E4E0>页面未找到('name', 'editsubmit')元素
2019-02-27 17:49:21,958 - BasePage - ERROR - Failed to click the element with 'NoneType' object has no attribute 'click'
2019-02-27 17:49:33,018 - BasePage - ERROR - <discuz.discuz.Discuz object at 0x000001FBE610E4E0>页面未找到('link text', '论坛')元素
2019-02-27 17:49:33,018 - BasePage - ERROR - Failed to click the element with 'NoneType' object has no attribute 'click'
2019-02-27 17:49:44,135 - BasePage - ERROR - <discuz.discuz.Discuz object at 0x000001FBE610E4E0>页面未找到('link text', '添加新版块')元素
2019-02-27 17:49:44,136 - BasePage - ERROR - Failed to click the element with 'NoneType' object has no attribute 'click'
2019-02-27 17:49:55,265 - BasePage - ERROR - <discuz.discuz.Discuz object at 0x000001FBE610E4E0>页面未找到('name', 'editsubmit')元素
2019-02-27 17:49:55,266 - BasePage - ERROR - Failed to click the element with 'NoneType' object has no attribute 'click'
2019-02-27 17:50:08,349 - BasePage - ERROR - <discuz.discuz.Discuz object at 0x000001FBE610E4E0>页面未找到('css selector', '.pipe')元素
2019-02-27 17:50:08,350 - BasePage - ERROR - Failed to click the element with 'NoneType' object has no attribute 'click'
