2019-02-28 11:02:38,828 - BasePage - INFO - find element
2019-02-28 11:02:38,905 - BasePage - INFO - admin
2019-02-28 11:02:38,933 - BasePage - INFO - find element
2019-02-28 11:02:38,986 - BasePage - INFO - admin
2019-02-28 11:02:39,013 - BasePage - INFO - find element
2019-02-28 11:02:39,076 - BasePage - INFO - this element 登录 was clicked.
2019-02-28 11:02:41,134 - BasePage - INFO - find element
2019-02-28 11:02:41,470 - BasePage - ERROR - Failed to click the element with Message: stale element reference: element is not attached to the page document
  (Session info: chrome=69.0.3497.100)
  (Driver info: chromedriver=2.41.578737 (49da6702b16031c40d63e5618de03a32ff6c197e),platform=Windows NT 10.0.17134 x86_64)

2019-02-28 11:02:41,507 - BasePage - INFO - find element
2019-02-28 11:02:42,074 - BasePage - ERROR - Failed to click the element with Message: stale element reference: element is not attached to the page document
  (Session info: chrome=69.0.3497.100)
  (Driver info: chromedriver=2.41.578737 (49da6702b16031c40d63e5618de03a32ff6c197e),platform=Windows NT 10.0.17134 x86_64)

2019-02-28 11:02:42,121 - BasePage - INFO - find element
2019-02-28 11:02:42,184 - BasePage - INFO - ww
2019-02-28 11:02:42,225 - BasePage - INFO - find element
2019-02-28 11:02:42,376 - BasePage - INFO - ewrstydfxdtsressdrxg
2019-02-28 11:02:42,414 - BasePage - INFO - find element
2019-02-28 11:02:42,538 - BasePage - INFO - this element 发表帖子 was clicked.
2019-02-28 11:02:44,581 - BasePage - INFO - find element
2019-02-28 11:02:44,684 - BasePage - INFO - this element 回复 was clicked.
2019-02-28 11:02:44,930 - BasePage - INFO - find element
2019-02-28 11:02:45,024 - BasePage - INFO - yyyyyyyyyyyyyyyyyyyyyy
2019-02-28 11:02:45,044 - BasePage - INFO - find element
2019-02-28 11:02:45,098 - BasePage - INFO - this element 回复 was clicked.
2019-02-28 11:02:45,123 - BasePage - INFO - find element
2019-02-28 11:02:45,216 - BasePage - INFO - this element | was clicked.
