2019-02-27 19:05:15,555 - BasePage - INFO - find element
2019-02-27 19:05:15,633 - BasePage - INFO - admin
2019-02-27 19:05:15,660 - BasePage - INFO - find element
2019-02-27 19:05:15,703 - BasePage - INFO - admin
2019-02-27 19:05:15,726 - BasePage - INFO - find element
2019-02-27 19:05:15,786 - BasePage - INFO - this element 登录 was clicked.
2019-02-27 19:05:17,814 - BasePage - INFO - find element
2019-02-27 19:05:18,166 - BasePage - ERROR - Failed to click the element with Message: stale element reference: element is not attached to the page document
  (Session info: chrome=69.0.3497.100)
  (Driver info: chromedriver=2.41.578737 (49da6702b16031c40d63e5618de03a32ff6c197e),platform=Windows NT 10.0.17134 x86_64)

2019-02-27 19:05:20,206 - BasePage - INFO - find element
2019-02-27 19:05:20,300 - BasePage - INFO - this element 管理中心 was clicked.
2019-02-27 19:05:21,348 - BasePage - INFO - find element
2019-02-27 19:05:21,400 - BasePage - INFO - admin
2019-02-27 19:05:21,426 - BasePage - INFO - find element
2019-02-27 19:05:54,422 - BasePage - ERROR - Failed to click the element with Message: stale element reference: element is not attached to the page document
  (Session info: chrome=69.0.3497.100)
  (Driver info: chromedriver=2.41.578737 (49da6702b16031c40d63e5618de03a32ff6c197e),platform=Windows NT 10.0.17134 x86_64)

2019-02-27 19:05:54,454 - BasePage - INFO - find element
2019-02-27 19:05:54,650 - BasePage - INFO - this element 论坛 was clicked.
2019-02-27 19:05:54,699 - BasePage - INFO - find element
2019-02-27 19:05:54,820 - BasePage - INFO - this element 添加新版块 was clicked.
2019-02-27 19:05:54,849 - BasePage - INFO - find element
2019-02-27 19:05:55,093 - BasePage - ERROR - Failed to click the element with Message: stale element reference: element is not attached to the page document
  (Session info: chrome=69.0.3497.100)
  (Driver info: chromedriver=2.41.578737 (49da6702b16031c40d63e5618de03a32ff6c197e),platform=Windows NT 10.0.17134 x86_64)

2019-02-27 19:06:06,158 - BasePage - ERROR - <discuz.discuz.Discuz object at 0x00000247008EF588>页面未找到('link text', '退出')元素
2019-02-27 19:06:06,159 - BasePage - ERROR - Failed to click the element with 'NoneType' object has no attribute 'click'
2019-02-27 19:06:17,246 - BasePage - ERROR - <discuz.discuz.Discuz object at 0x00000247008EF588>页面未找到('link text', '退出')元素
2019-02-27 19:06:17,247 - BasePage - ERROR - Failed to click the element with 'NoneType' object has no attribute 'click'
2019-02-27 19:06:30,294 - BasePage - ERROR - <discuz.discuz.Discuz object at 0x00000247008EF588>页面未找到('css selector', '.pipe')元素
2019-02-27 19:06:30,295 - BasePage - ERROR - Failed to click the element with 'NoneType' object has no attribute 'click'
